TN:
SF:formatters/index.js
FN:11,(anonymous_0)
FNF:1
FNH:1
FNDA:5,(anonymous_0)
DA:5,1
DA:12,5
DA:13,5
DA:14,1
DA:16,4
LF:5
LH:5
BRDA:13,0,0,1
BRDA:13,0,1,4
BRF:2
BRH:2
end_of_record
TN:
SF:formatters/json.js
FN:1,(anonymous_0)
FNF:1
FNH:1
FNDA:5,(anonymous_0)
DA:1,5
LF:1
LH:1
BRF:0
BRH:0
end_of_record
TN:
SF:formatters/plain.js
FN:1,(anonymous_0)
FN:2,(anonymous_1)
FN:3,(anonymous_2)
FN:25,(anonymous_3)
FNF:4
FNH:4
FNDA:10,(anonymous_0)
FNDA:12,(anonymous_1)
FNDA:15,(anonymous_2)
FNDA:14,(anonymous_3)
DA:1,1
DA:2,10
DA:3,12
DA:4,15
DA:5,15
DA:6,15
DA:8,6
DA:10,2
DA:12,4
DA:14,2
DA:16,1
DA:18,0
DA:22,10
DA:25,1
DA:26,14
DA:27,2
DA:29,12
DA:30,1
DA:32,11
DA:33,6
DA:35,5
LF:21
LH:20
BRDA:2,0,0,10
BRDA:6,1,0,6
BRDA:6,1,1,2
BRDA:6,1,2,4
BRDA:6,1,3,2
BRDA:6,1,4,1
BRDA:6,1,5,0
BRDA:26,2,0,2
BRDA:26,2,1,12
BRDA:29,3,0,1
BRDA:29,3,1,11
BRDA:32,4,0,6
BRDA:32,4,1,5
BRF:13
BRH:12
end_of_record
TN:
SF:formatters/stylish.js
FN:3,(anonymous_0)
FN:4,(anonymous_1)
FN:6,(anonymous_2)
FN:30,(anonymous_3)
FN:34,(anonymous_4)
FNF:5
FNH:5
FNDA:7,(anonymous_0)
FNDA:9,(anonymous_1)
FNDA:10,(anonymous_2)
FNDA:14,(anonymous_3)
FNDA:4,(anonymous_4)
DA:3,1
DA:4,7
DA:5,9
DA:6,9
DA:7,10
DA:9,4
DA:11,1
DA:13,1
DA:15,2
DA:20,2
DA:22,0
DA:25,9
DA:27,7
DA:30,1
DA:31,14
DA:32,4
DA:33,4
DA:34,4
DA:36,4
DA:38,10
LF:20
LH:19
BRDA:4,0,0,7
BRDA:7,1,0,4
BRDA:7,1,1,1
BRDA:7,1,2,1
BRDA:7,1,3,2
BRDA:7,1,4,2
BRDA:7,1,5,0
BRDA:31,2,0,4
BRDA:31,2,1,10
BRF:9
BRH:8
end_of_record
TN:
SF:src/half.js
FN:3,(anonymous_0)
FN:5,(anonymous_1)
FN:44,(anonymous_2)
FNF:3
FNH:3
FNDA:10,(anonymous_0)
FNDA:15,(anonymous_1)
FNDA:8,(anonymous_2)
DA:3,1
DA:4,10
DA:5,10
DA:6,15
DA:7,4
DA:13,11
DA:14,4
DA:20,7
DA:21,7
DA:22,7
DA:23,3
DA:29,4
DA:30,2
DA:36,2
DA:44,8
LF:15
LH:15
BRDA:6,0,0,4
BRDA:6,0,1,11
BRDA:13,1,0,4
BRDA:13,1,1,7
BRDA:22,2,0,3
BRDA:22,2,1,4
BRDA:29,3,0,2
BRDA:29,3,1,2
BRDA:29,4,0,4
BRDA:29,4,1,2
BRF:10
BRH:10
end_of_record
