TN:
SF:src/half.js
FN:3,(anonymous_0)
FN:5,(anonymous_1)
FNF:2
FNH:2
FNDA:2,(anonymous_0)
FNDA:10,(anonymous_1)
DA:3,1
DA:4,2
DA:5,2
DA:6,10
DA:7,4
DA:8,6
DA:9,2
DA:10,4
DA:11,2
DA:13,2
DA:14,2
DA:16,10
DA:18,2
LF:13
LH:13
BRDA:6,0,0,4
BRDA:6,0,1,6
BRDA:6,1,0,10
BRDA:6,1,1,8
BRDA:8,2,0,2
BRDA:8,2,1,4
BRDA:8,3,0,6
BRDA:8,3,1,6
BRDA:10,4,0,2
BRDA:10,4,1,2
BRF:10
BRH:10
end_of_record
TN:
SF:src/parsers.js
FN:12,(anonymous_0)
FN:21,(anonymous_1)
FN:40,(anonymous_2)
FNF:3
FNH:3
FNDA:2,(anonymous_0)
FNDA:4,(anonymous_1)
FNDA:2,(anonymous_2)
DA:8,1
DA:9,1
DA:12,1
DA:14,2
DA:15,2
DA:17,2
DA:18,2
DA:21,2
DA:22,4
DA:23,4
DA:24,0
DA:25,0
DA:27,0
DA:32,2
DA:33,2
DA:34,2
DA:35,2
DA:37,2
DA:40,2
DA:41,1
DA:42,1
DA:43,1
LF:22
LH:19
BRDA:22,0,0,4
BRDA:22,0,1,0
BRDA:24,1,0,0
BRDA:24,1,1,0
BRF:4
BRH:1
end_of_record
